Copyright 1986-2020 Xilinx, Inc. All Rights Reserved.
--------------------------------------------------------------------------------------------------------------------------------------------------------------
| Tool Version : Vivado v.2020.2 (win64) Build 3064766 Wed Nov 18 09:12:45 MST 2020
| Date         : Fri Apr  1 20:34:37 2022
| Host         : LAPTOP-ST9L9JE9 running 64-bit major release  (build 9200)
| Command      : report_methodology -file au_top_0_methodology_drc_routed.rpt -pb au_top_0_methodology_drc_routed.pb -rpx au_top_0_methodology_drc_routed.rpx
| Design       : au_top_0
| Device       : xc7a35tftg256-1
| Speed File   : -1
| Design State : Fully Routed
--------------------------------------------------------------------------------------------------------------------------------------------------------------

Report Methodology

Table of Contents
-----------------
1. REPORT SUMMARY
2. REPORT DETAILS

1. REPORT SUMMARY
-----------------
            Netlist: netlist
          Floorplan: design_1
      Design limits: <entire design considered>
             Max violations: <unlimited>
             Violations found: 69
+-----------+----------+-------------------------------+------------+
| Rule      | Severity | Description                   | Violations |
+-----------+----------+-------------------------------+------------+
| SYNTH-13  | Warning  | combinational multiplier      | 1          |
| TIMING-16 | Warning  | Large setup violation         | 13         |
| TIMING-18 | Warning  | Missing input or output delay | 55         |
+-----------+----------+-------------------------------+------------+

2. REPORT DETAILS
-----------------
SYNTH-13#1 Warning
combinational multiplier  
Detected combinational multiplier in DSP instance game_beta/game_alu/c0.
Related violations: <none>

TIMING-16#1 Warning
Large setup violation  
There is a large setup violation of -1.024 ns between game_beta/game_cu/FSM_sequential_M_gameFSM_q_reg[4]_replica/C (clocked by clk_0) and game_beta/game_reg/M_most_sigbits_q_reg[12]/D (clocked by clk_0). Large setup violations at the end of those stages might be difficult to fix during the post-placement implementation flow and could be the result of non-optimal XDC constraints or non-optimal design architecture
Related violations: <none>

TIMING-16#2 Warning
Large setup violation  
There is a large setup violation of -1.038 ns between game_beta/game_cu/FSM_sequential_M_gameFSM_q_reg[4]_replica/C (clocked by clk_0) and game_beta/game_reg/M_combo_q_reg[5]/D (clocked by clk_0). Large setup violations at the end of those stages might be difficult to fix during the post-placement implementation flow and could be the result of non-optimal XDC constraints or non-optimal design architecture
Related violations: <none>

TIMING-16#3 Warning
Large setup violation  
There is a large setup violation of -1.047 ns between game_beta/game_cu/FSM_sequential_M_gameFSM_q_reg[3]/C (clocked by clk_0) and game_beta/game_reg/M_reg_temp_q_reg[7]/D (clocked by clk_0). Large setup violations at the end of those stages might be difficult to fix during the post-placement implementation flow and could be the result of non-optimal XDC constraints or non-optimal design architecture
Related violations: <none>

TIMING-16#4 Warning
Large setup violation  
There is a large setup violation of -1.072 ns between game_beta/game_cu/FSM_sequential_M_gameFSM_q_reg[4]_replica/C (clocked by clk_0) and game_beta/game_reg/M_col3_q_reg[12]/D (clocked by clk_0). Large setup violations at the end of those stages might be difficult to fix during the post-placement implementation flow and could be the result of non-optimal XDC constraints or non-optimal design architecture
Related violations: <none>

TIMING-16#5 Warning
Large setup violation  
There is a large setup violation of -1.113 ns between game_beta/game_cu/FSM_sequential_M_gameFSM_q_reg[4]_replica/C (clocked by clk_0) and game_beta/game_reg/M_combo_q_reg[12]/D (clocked by clk_0). Large setup violations at the end of those stages might be difficult to fix during the post-placement implementation flow and could be the result of non-optimal XDC constraints or non-optimal design architecture
Related violations: <none>

TIMING-16#6 Warning
Large setup violation  
There is a large setup violation of -1.135 ns between game_beta/game_cu/FSM_sequential_M_gameFSM_q_reg[3]/C (clocked by clk_0) and game_beta/game_reg/M_add_score_q_reg[12]/D (clocked by clk_0). Large setup violations at the end of those stages might be difficult to fix during the post-placement implementation flow and could be the result of non-optimal XDC constraints or non-optimal design architecture
Related violations: <none>

TIMING-16#7 Warning
Large setup violation  
There is a large setup violation of -1.138 ns between game_beta/game_cu/FSM_sequential_M_gameFSM_q_reg[3]/C (clocked by clk_0) and game_beta/game_reg/M_selected_col_address_q_reg[12]/D (clocked by clk_0). Large setup violations at the end of those stages might be difficult to fix during the post-placement implementation flow and could be the result of non-optimal XDC constraints or non-optimal design architecture
Related violations: <none>

TIMING-16#8 Warning
Large setup violation  
There is a large setup violation of -1.141 ns between game_beta/game_cu/FSM_sequential_M_gameFSM_q_reg[3]/C (clocked by clk_0) and game_beta/game_reg/M_col0_q_reg[12]/D (clocked by clk_0). Large setup violations at the end of those stages might be difficult to fix during the post-placement implementation flow and could be the result of non-optimal XDC constraints or non-optimal design architecture
Related violations: <none>

TIMING-16#9 Warning
Large setup violation  
There is a large setup violation of -1.153 ns between game_beta/game_cu/FSM_sequential_M_gameFSM_q_reg[4]_replica/C (clocked by clk_0) and game_beta/game_reg/M_counter_q_reg[12]/D (clocked by clk_0). Large setup violations at the end of those stages might be difficult to fix during the post-placement implementation flow and could be the result of non-optimal XDC constraints or non-optimal design architecture
Related violations: <none>

TIMING-16#10 Warning
Large setup violation  
There is a large setup violation of -1.161 ns between game_beta/game_cu/FSM_sequential_M_gameFSM_q_reg[3]/C (clocked by clk_0) and game_beta/game_reg/M_combo_q_reg[7]/D (clocked by clk_0). Large setup violations at the end of those stages might be difficult to fix during the post-placement implementation flow and could be the result of non-optimal XDC constraints or non-optimal design architecture
Related violations: <none>

TIMING-16#11 Warning
Large setup violation  
There is a large setup violation of -1.187 ns between game_beta/game_cu/FSM_sequential_M_gameFSM_q_reg[3]/C (clocked by clk_0) and game_beta/game_reg/M_col3_q_reg[5]/D (clocked by clk_0). Large setup violations at the end of those stages might be difficult to fix during the post-placement implementation flow and could be the result of non-optimal XDC constraints or non-optimal design architecture
Related violations: <none>

TIMING-16#12 Warning
Large setup violation  
There is a large setup violation of -1.201 ns between game_beta/game_cu/FSM_sequential_M_gameFSM_q_reg[3]/C (clocked by clk_0) and game_beta/game_reg/M_selected_col_q_reg[7]/D (clocked by clk_0). Large setup violations at the end of those stages might be difficult to fix during the post-placement implementation flow and could be the result of non-optimal XDC constraints or non-optimal design architecture
Related violations: <none>

TIMING-16#13 Warning
Large setup violation  
There is a large setup violation of -1.218 ns between game_beta/game_cu/FSM_sequential_M_gameFSM_q_reg[4]_replica/C (clocked by clk_0) and game_beta/game_reg/M_selected_col_q_reg[12]/D (clocked by clk_0). Large setup violations at the end of those stages might be difficult to fix during the post-placement implementation flow and could be the result of non-optimal XDC constraints or non-optimal design architecture
Related violations: <none>

TIMING-18#1 Warning
Missing input or output delay  
An input delay is missing on gameplay_buttons[0] relative to clock(s) clk_0
Related violations: <none>

TIMING-18#2 Warning
Missing input or output delay  
An input delay is missing on gameplay_buttons[1] relative to clock(s) clk_0
Related violations: <none>

TIMING-18#3 Warning
Missing input or output delay  
An input delay is missing on gameplay_buttons[2] relative to clock(s) clk_0
Related violations: <none>

TIMING-18#4 Warning
Missing input or output delay  
An input delay is missing on gameplay_buttons[3] relative to clock(s) clk_0
Related violations: <none>

TIMING-18#5 Warning
Missing input or output delay  
An input delay is missing on rst_n relative to clock(s) clk_0
Related violations: <none>

TIMING-18#6 Warning
Missing input or output delay  
An output delay is missing on combo_seg[0] relative to clock(s) clk_0
Related violations: <none>

TIMING-18#7 Warning
Missing input or output delay  
An output delay is missing on combo_seg[1] relative to clock(s) clk_0
Related violations: <none>

TIMING-18#8 Warning
Missing input or output delay  
An output delay is missing on combo_seg[2] relative to clock(s) clk_0
Related violations: <none>

TIMING-18#9 Warning
Missing input or output delay  
An output delay is missing on combo_seg[3] relative to clock(s) clk_0
Related violations: <none>

TIMING-18#10 Warning
Missing input or output delay  
An output delay is missing on combo_seg[4] relative to clock(s) clk_0
Related violations: <none>

TIMING-18#11 Warning
Missing input or output delay  
An output delay is missing on combo_seg[5] relative to clock(s) clk_0
Related violations: <none>

TIMING-18#12 Warning
Missing input or output delay  
An output delay is missing on combo_seg[6] relative to clock(s) clk_0
Related violations: <none>

TIMING-18#13 Warning
Missing input or output delay  
An output delay is missing on combo_sel[0] relative to clock(s) clk_0
Related violations: <none>

TIMING-18#14 Warning
Missing input or output delay  
An output delay is missing on combo_sel[1] relative to clock(s) clk_0
Related violations: <none>

TIMING-18#15 Warning
Missing input or output delay  
An output delay is missing on combo_sel[2] relative to clock(s) clk_0
Related violations: <none>

TIMING-18#16 Warning
Missing input or output delay  
An output delay is missing on combo_sel[3] relative to clock(s) clk_0
Related violations: <none>

TIMING-18#17 Warning
Missing input or output delay  
An output delay is missing on lane_1_LED[0] relative to clock(s) clk_0
Related violations: <none>

TIMING-18#18 Warning
Missing input or output delay  
An output delay is missing on lane_1_LED[1] relative to clock(s) clk_0
Related violations: <none>

TIMING-18#19 Warning
Missing input or output delay  
An output delay is missing on lane_1_LED[2] relative to clock(s) clk_0
Related violations: <none>

TIMING-18#20 Warning
Missing input or output delay  
An output delay is missing on lane_1_LED[3] relative to clock(s) clk_0
Related violations: <none>

TIMING-18#21 Warning
Missing input or output delay  
An output delay is missing on lane_1_LED[4] relative to clock(s) clk_0
Related violations: <none>

TIMING-18#22 Warning
Missing input or output delay  
An output delay is missing on lane_1_LED[5] relative to clock(s) clk_0
Related violations: <none>

TIMING-18#23 Warning
Missing input or output delay  
An output delay is missing on lane_1_LED[6] relative to clock(s) clk_0
Related violations: <none>

TIMING-18#24 Warning
Missing input or output delay  
An output delay is missing on lane_2_LED[0] relative to clock(s) clk_0
Related violations: <none>

TIMING-18#25 Warning
Missing input or output delay  
An output delay is missing on lane_2_LED[1] relative to clock(s) clk_0
Related violations: <none>

TIMING-18#26 Warning
Missing input or output delay  
An output delay is missing on lane_2_LED[2] relative to clock(s) clk_0
Related violations: <none>

TIMING-18#27 Warning
Missing input or output delay  
An output delay is missing on lane_2_LED[3] relative to clock(s) clk_0
Related violations: <none>

TIMING-18#28 Warning
Missing input or output delay  
An output delay is missing on lane_2_LED[4] relative to clock(s) clk_0
Related violations: <none>

TIMING-18#29 Warning
Missing input or output delay  
An output delay is missing on lane_2_LED[5] relative to clock(s) clk_0
Related violations: <none>

TIMING-18#30 Warning
Missing input or output delay  
An output delay is missing on lane_2_LED[6] relative to clock(s) clk_0
Related violations: <none>

TIMING-18#31 Warning
Missing input or output delay  
An output delay is missing on lane_3_LED[0] relative to clock(s) clk_0
Related violations: <none>

TIMING-18#32 Warning
Missing input or output delay  
An output delay is missing on lane_3_LED[1] relative to clock(s) clk_0
Related violations: <none>

TIMING-18#33 Warning
Missing input or output delay  
An output delay is missing on lane_3_LED[2] relative to clock(s) clk_0
Related violations: <none>

TIMING-18#34 Warning
Missing input or output delay  
An output delay is missing on lane_3_LED[3] relative to clock(s) clk_0
Related violations: <none>

TIMING-18#35 Warning
Missing input or output delay  
An output delay is missing on lane_3_LED[4] relative to clock(s) clk_0
Related violations: <none>

TIMING-18#36 Warning
Missing input or output delay  
An output delay is missing on lane_3_LED[5] relative to clock(s) clk_0
Related violations: <none>

TIMING-18#37 Warning
Missing input or output delay  
An output delay is missing on lane_3_LED[6] relative to clock(s) clk_0
Related violations: <none>

TIMING-18#38 Warning
Missing input or output delay  
An output delay is missing on lane_4_LED[0] relative to clock(s) clk_0
Related violations: <none>

TIMING-18#39 Warning
Missing input or output delay  
An output delay is missing on lane_4_LED[1] relative to clock(s) clk_0
Related violations: <none>

TIMING-18#40 Warning
Missing input or output delay  
An output delay is missing on lane_4_LED[2] relative to clock(s) clk_0
Related violations: <none>

TIMING-18#41 Warning
Missing input or output delay  
An output delay is missing on lane_4_LED[3] relative to clock(s) clk_0
Related violations: <none>

TIMING-18#42 Warning
Missing input or output delay  
An output delay is missing on lane_4_LED[4] relative to clock(s) clk_0
Related violations: <none>

TIMING-18#43 Warning
Missing input or output delay  
An output delay is missing on lane_4_LED[5] relative to clock(s) clk_0
Related violations: <none>

TIMING-18#44 Warning
Missing input or output delay  
An output delay is missing on lane_4_LED[6] relative to clock(s) clk_0
Related violations: <none>

TIMING-18#45 Warning
Missing input or output delay  
An output delay is missing on score_seg[0] relative to clock(s) clk_0
Related violations: <none>

TIMING-18#46 Warning
Missing input or output delay  
An output delay is missing on score_seg[1] relative to clock(s) clk_0
Related violations: <none>

TIMING-18#47 Warning
Missing input or output delay  
An output delay is missing on score_seg[2] relative to clock(s) clk_0
Related violations: <none>

TIMING-18#48 Warning
Missing input or output delay  
An output delay is missing on score_seg[3] relative to clock(s) clk_0
Related violations: <none>

TIMING-18#49 Warning
Missing input or output delay  
An output delay is missing on score_seg[4] relative to clock(s) clk_0
Related violations: <none>

TIMING-18#50 Warning
Missing input or output delay  
An output delay is missing on score_seg[5] relative to clock(s) clk_0
Related violations: <none>

TIMING-18#51 Warning
Missing input or output delay  
An output delay is missing on score_seg[6] relative to clock(s) clk_0
Related violations: <none>

TIMING-18#52 Warning
Missing input or output delay  
An output delay is missing on score_sel[0] relative to clock(s) clk_0
Related violations: <none>

TIMING-18#53 Warning
Missing input or output delay  
An output delay is missing on score_sel[1] relative to clock(s) clk_0
Related violations: <none>

TIMING-18#54 Warning
Missing input or output delay  
An output delay is missing on score_sel[2] relative to clock(s) clk_0
Related violations: <none>

TIMING-18#55 Warning
Missing input or output delay  
An output delay is missing on score_sel[3] relative to clock(s) clk_0
Related violations: <none>


